<?xml version="1.0" encoding="UTF-8"?>
<!-- Generated by org.testng.reporters.JUnitReportReporter -->
<testsuite hostname="admin1-H110M-H" failures="0" tests="1" name="com.bridgelabz.keyworddriven.FacebookLoginTest" time="27.048" errors="0" timestamp="22 Jan 2020 09:47:59 GMT" skipped="0">
  <testcase classname="com.bridgelabz.keyworddriven.FacebookLoginTest" name="LoginTest" time="27.048"/>
</testsuite> <!-- com.bridgelabz.keyworddriven.FacebookLoginTest -->
