<?xml version="1.0" encoding="UTF-8"?>
<!-- Generated by org.testng.reporters.JUnitReportReporter -->
<testsuite hostname="admin1-H110M-H" failures="0" tests="1" name="com.bridgelabz.keyworddriven.FacebookLoginTest" time="44.724" errors="0" timestamp="22 Jan 2020 05:51:56 GMT" skipped="0">
  <testcase classname="com.bridgelabz.keyworddriven.FacebookLoginTest" name="LoginTest" time="44.724"/>
</testsuite> <!-- com.bridgelabz.keyworddriven.FacebookLoginTest -->
