<?xml version="1.0" encoding="UTF-8"?>
<!-- Generated by org.testng.reporters.JUnitReportReporter -->
<testsuite hostname="admin1-H110M-H" failures="0" tests="2" name="com.bridgelabz.linkedin.testcases.HomePageTest" time="48.838" errors="0" timestamp="25 Jan 2020 13:08:14 GMT" skipped="0">
  <testcase classname="com.bridgelabz.linkedin.testcases.HomePageTest" name="uploadImagePostTest" time="24.556"/>
  <testcase classname="com.bridgelabz.linkedin.testcases.HomePageTest" name="uploadImagePostTest" time="24.282"/>
</testsuite> <!-- com.bridgelabz.linkedin.testcases.HomePageTest -->
