<?xml version="1.0" encoding="UTF-8"?>
<!-- Generated by org.testng.reporters.JUnitReportReporter -->
<testsuite hostname="admin1-H110M-H" failures="0" tests="5" name="com.bridgelabz.linkedin.testcases.SignInPageTest" time="52.470" errors="0" timestamp="25 Jan 2020 05:59:19 GMT" skipped="0">
  <testcase classname="com.bridgelabz.linkedin.testcases.SignInPageTest" name="SignInTest" time="12.425"/>
  <testcase classname="com.bridgelabz.linkedin.testcases.SignInPageTest" name="SignInTest" time="9.738"/>
  <testcase classname="com.bridgelabz.linkedin.testcases.SignInPageTest" name="SignInTest" time="10.896"/>
  <testcase classname="com.bridgelabz.linkedin.testcases.SignInPageTest" name="SignInTest" time="9.143"/>
  <testcase classname="com.bridgelabz.linkedin.testcases.SignInPageTest" name="SignInTest" time="10.268"/>
</testsuite> <!-- com.bridgelabz.linkedin.testcases.SignInPageTest -->
