<?xml version="1.0" encoding="UTF-8"?>
<!-- Generated by org.testng.reporters.JUnitReportReporter -->
<testsuite hostname="admin1-H110M-H" failures="0" tests="3" name="com.bridgelabz.linkedin.testcases.SignInPageTest" time="33.922" errors="0" timestamp="30 Jan 2020 08:29:58 GMT" skipped="0">
  <testcase classname="com.bridgelabz.linkedin.testcases.SignInPageTest" name="JsonSignInTest" time="8.150"/>
  <testcase classname="com.bridgelabz.linkedin.testcases.SignInPageTest" name="JsonSignInTest" time="16.235"/>
  <testcase classname="com.bridgelabz.linkedin.testcases.SignInPageTest" name="JsonSignInTest" time="9.537"/>
</testsuite> <!-- com.bridgelabz.linkedin.testcases.SignInPageTest -->
