<?xml version="1.0" encoding="UTF-8"?>
<!-- Generated by org.testng.reporters.JUnitReportReporter -->
<testsuite hostname="admin1-H110M-H" failures="0" tests="3" name="com.bridgelabz.linkedin.testcases.HomePageTest" time="17.256" errors="0" timestamp="30 Jan 2020 05:58:19 GMT" skipped="2">
  <testcase classname="com.bridgelabz.linkedin.testcases.HomePageTest" name="verifyHomePageTitleTest" time="17.256"/>
  <testcase classname="com.bridgelabz.linkedin.testcases.HomePageTest" name="uploadImagePostTest" time="0.000">
    <skipped/>
  </testcase> <!-- uploadImagePostTest -->
  <testcase classname="com.bridgelabz.linkedin.testcases.HomePageTest" name="createTextPostTest" time="0.000">
    <skipped/>
  </testcase> <!-- createTextPostTest -->
</testsuite> <!-- com.bridgelabz.linkedin.testcases.HomePageTest -->
