<?xml version="1.0" encoding="UTF-8"?>
<!-- Generated by org.testng.reporters.JUnitReportReporter -->
<testsuite hostname="admin1-H110M-H" failures="0" tests="3" name="com.bridgelabz.datadriven.FacebookLoginTest" time="112.080" errors="0" timestamp="24 Jan 2020 13:18:28 GMT" skipped="0">
  <testcase classname="com.bridgelabz.datadriven.FacebookLoginTest" name="LoginTest" time="45.496"/>
  <testcase classname="com.bridgelabz.datadriven.FacebookLoginTest" name="LoginTest" time="29.650"/>
  <testcase classname="com.bridgelabz.datadriven.FacebookLoginTest" name="LoginTest" time="36.934"/>
</testsuite> <!-- com.bridgelabz.datadriven.FacebookLoginTest -->
