<?xml version="1.0" encoding="UTF-8"?>
<!-- Generated by org.testng.reporters.JUnitReportReporter -->
<testsuite hostname="admin1-H110M-H" failures="0" tests="1" name="com.bridgelabz.datadriven.ParameterTest" time="15.661" errors="0" timestamp="21 Jan 2020 10:46:32 GMT" skipped="0">
  <testcase classname="com.bridgelabz.datadriven.ParameterTest" name="facebookLoginTest" time="15.661"/>
</testsuite> <!-- com.bridgelabz.datadriven.ParameterTest -->
