<?xml version="1.0" encoding="UTF-8"?>
<!-- Generated by org.testng.reporters.JUnitReportReporter -->
<testsuite hostname="admin1-H110M-H" failures="0" tests="3" name="com.bridgelabz.datadriven.FacebookLoginTest" time="56.888" errors="0" timestamp="21 Jan 2020 07:08:49 GMT" skipped="0">
  <testcase classname="com.bridgelabz.datadriven.FacebookLoginTest" name="LoginTest" time="13.469"/>
  <testcase classname="com.bridgelabz.datadriven.FacebookLoginTest" name="LoginTest" time="30.815"/>
  <testcase classname="com.bridgelabz.datadriven.FacebookLoginTest" name="LoginTest" time="12.604"/>
</testsuite> <!-- com.bridgelabz.datadriven.FacebookLoginTest -->
