<?xml version="1.0" encoding="UTF-8"?>
<!-- Generated by org.testng.reporters.JUnitReportReporter -->
<testsuite hostname="admin1-H110M-H" failures="0" tests="3" name="com.bridgelabz.datadriven.FacebookLoginTest" time="51.812" errors="0" timestamp="21 Jan 2020 06:26:31 GMT" skipped="0">
  <testcase classname="com.bridgelabz.datadriven.FacebookLoginTest" name="LoginTest" time="11.724"/>
  <testcase classname="com.bridgelabz.datadriven.FacebookLoginTest" name="LoginTest" time="27.671"/>
  <testcase classname="com.bridgelabz.datadriven.FacebookLoginTest" name="LoginTest" time="12.417"/>
</testsuite> <!-- com.bridgelabz.datadriven.FacebookLoginTest -->
