<?xml version="1.0" encoding="UTF-8"?>
<!-- Generated by org.testng.reporters.JUnitReportReporter -->
<testsuite hostname="admin1-H110M-H" failures="0" tests="5" name="com.bridgelabz.seleniumkeys.AppTest" time="0.482" errors="0" timestamp="16 Jan 2020 08:41:54 GMT" skipped="0">
  <testcase classname="com.bridgelabz.seleniumkeys.AppTest" name="RegistrationRadioButtonValidation" time="0.032"/>
  <testcase classname="com.bridgelabz.seleniumkeys.AppTest" name="GameLinkValidation" time="0.046"/>
  <testcase classname="com.bridgelabz.seleniumkeys.AppTest" name="GenderRadioButtonSelected" time="0.111"/>
  <testcase classname="com.bridgelabz.seleniumkeys.AppTest" name="LoginTextFieldDisplayedEnabled" time="0.232"/>
  <testcase classname="com.bridgelabz.seleniumkeys.AppTest" name="LoginTextFieldAlignment" time="0.061"/>
</testsuite> <!-- com.bridgelabz.seleniumkeys.AppTest -->
