<?xml version="1.0" encoding="UTF-8"?>
<!-- Generated by org.testng.reporters.JUnitReportReporter -->
<testsuite hostname="admin1-H110M-H" failures="0" tests="4" name="com.bridgelabz.seleniumkeys.AppTest" time="45.247" errors="0" timestamp="15 Jan 2020 12:34:44 GMT" skipped="0">
  <testcase classname="com.bridgelabz.seleniumkeys.AppTest" name="EmailIdTextFieldSeleted" time="12.025"/>
  <testcase classname="com.bridgelabz.seleniumkeys.AppTest" name="LoginTextFieldAlignment" time="11.976"/>
  <testcase classname="com.bridgelabz.seleniumkeys.AppTest" name="LoginTextFieldEnabled" time="8.470"/>
  <testcase classname="com.bridgelabz.seleniumkeys.AppTest" name="LoginTextFieldDisplayed" time="12.776"/>
</testsuite> <!-- com.bridgelabz.seleniumkeys.AppTest -->
