<?xml version="1.0" encoding="UTF-8"?>
<!-- Generated by org.testng.reporters.JUnitReportReporter -->
<testsuite hostname="admin1-H110M-H" failures="0" tests="5" name="com.bridgelabz.seleniumkeys.AppTest" time="50.837" errors="0" timestamp="16 Jan 2020 06:38:28 GMT" skipped="0">
  <testcase classname="com.bridgelabz.seleniumkeys.AppTest" name="LoginTextFieldDisplayedEnabled" time="11.106"/>
  <testcase classname="com.bridgelabz.seleniumkeys.AppTest" name="GenderRadioButtonSelected" time="7.604"/>
  <testcase classname="com.bridgelabz.seleniumkeys.AppTest" name="RegistrationRadioButtonValidation" time="12.060"/>
  <testcase classname="com.bridgelabz.seleniumkeys.AppTest" name="GameLinkValidation" time="9.932"/>
  <testcase classname="com.bridgelabz.seleniumkeys.AppTest" name="LoginTextFieldAlignment" time="10.135"/>
</testsuite> <!-- com.bridgelabz.seleniumkeys.AppTest -->
