<?xml version="1.0" encoding="UTF-8"?>
<!-- Generated by org.testng.reporters.JUnitReportReporter -->
<testsuite hostname="admin1-H110M-H" failures="0" tests="1" name="com.bridgelabz.selenium.Connectivity" time="0.016" errors="0" timestamp="2020-01-11T12:51:45 IST" skipped="0">
  <testcase classname="com.bridgelabz.selenium.Connectivity" name="Sum" time="0.016"/>
</testsuite> <!-- com.bridgelabz.selenium.Connectivity -->
